Cartesian mesh resize desactivated 2
Standard Microenvironment declaration finished
Cartesian mesh resize desactivated 2
Standard Microenvironment declaration finished
Cartesian mesh resize desactivated 2
Standard Microenvironment declaration finished
Resize space uniform
Adding subsrate
Substrate has been added

Microenvironment summary: unnamed: 

Mesh information: 
type: uniform Cartesian
Domain: [-1000,1000] none x [-1000,1000] none x [-1000,1000] none
   resolution: dx = 10 noneDensities: (1 total)
   substrate0:
     units: dimensionless
     diffusion coefficient: 100000 none^2 / none
     decay rate: 0.1 none^-1
     diffusion length scale: 1000 none


Diffusion is going to start
This value 100 should be 100
Time v1 992 us  vs. Time v2 148 us
		Acceleration of 6.7027X
Time v1 836 us  vs. Time v2 70 us
		Acceleration of 11.9429X
Time v1 767 us  vs. Time v2 74 us
		Acceleration of 10.3649X
Time v1 767 us  vs. Time v2 70 us
		Acceleration of 10.9571X
Time v1 765 us  vs. Time v2 74 us
		Acceleration of 10.3378X
Time v1 765 us  vs. Time v2 71 us
		Acceleration of 10.7746X
Time v1 761 us  vs. Time v2 72 us
		Acceleration of 10.5694X
Time v1 757 us  vs. Time v2 71 us
		Acceleration of 10.662X
Time v1 764 us  vs. Time v2 72 us
		Acceleration of 10.6111X
Time v1 770 us  vs. Time v2 71 us
		Acceleration of 10.8451X
Time v1 789 us  vs. Time v2 67 us
		Acceleration of 11.7761X
Time v1 770 us  vs. Time v2 71 us
		Acceleration of 10.8451X
Time v1 753 us  vs. Time v2 72 us
		Acceleration of 10.4583X
Time v1 753 us  vs. Time v2 70 us
		Acceleration of 10.7571X
Time v1 763 us  vs. Time v2 71 us
		Acceleration of 10.7465X
Time v1 760 us  vs. Time v2 69 us
		Acceleration of 11.0145X
Time v1 775 us  vs. Time v2 70 us
		Acceleration of 11.0714X
Time v1 749 us  vs. Time v2 70 us
		Acceleration of 10.7X
Time v1 744 us  vs. Time v2 71 us
		Acceleration of 10.4789X
Time v1 758 us  vs. Time v2 72 us
		Acceleration of 10.5278X
Time v1 758 us  vs. Time v2 70 us
		Acceleration of 10.8286X
Time v1 762 us  vs. Time v2 72 us
		Acceleration of 10.5833X
Time v1 764 us  vs. Time v2 70 us
		Acceleration of 10.9143X
Time v1 769 us  vs. Time v2 70 us
		Acceleration of 10.9857X
Time v1 748 us  vs. Time v2 71 us
		Acceleration of 10.5352X
Time v1 757 us  vs. Time v2 71 us
		Acceleration of 10.662X
Time v1 760 us  vs. Time v2 70 us
		Acceleration of 10.8571X
Time v1 763 us  vs. Time v2 70 us
		Acceleration of 10.9X
Time v1 767 us  vs. Time v2 69 us
		Acceleration of 11.1159X
Time v1 764 us  vs. Time v2 76 us
		Acceleration of 10.0526X
Time v1 743 us  vs. Time v2 70 us
		Acceleration of 10.6143X
Time v1 760 us  vs. Time v2 72 us
		Acceleration of 10.5556X
Time v1 760 us  vs. Time v2 71 us
		Acceleration of 10.7042X
Time v1 759 us  vs. Time v2 70 us
		Acceleration of 10.8429X
Time v1 764 us  vs. Time v2 70 us
		Acceleration of 10.9143X
Time v1 766 us  vs. Time v2 76 us
		Acceleration of 10.0789X
Time v1 765 us  vs. Time v2 71 us
		Acceleration of 10.7746X
Time v1 743 us  vs. Time v2 70 us
		Acceleration of 10.6143X
Time v1 758 us  vs. Time v2 71 us
		Acceleration of 10.6761X
Time v1 761 us  vs. Time v2 71 us
		Acceleration of 10.7183X
Time v1 770 us  vs. Time v2 69 us
		Acceleration of 11.1594X
Time v1 765 us  vs. Time v2 75 us
		Acceleration of 10.2X
Time v1 757 us  vs. Time v2 69 us
		Acceleration of 10.971X
Time v1 762 us  vs. Time v2 70 us
		Acceleration of 10.8857X
Time v1 768 us  vs. Time v2 73 us
		Acceleration of 10.5205X
Time v1 763 us  vs. Time v2 69 us
		Acceleration of 11.058X
Time v1 772 us  vs. Time v2 69 us
		Acceleration of 11.1884X
Time v1 768 us  vs. Time v2 69 us
		Acceleration of 11.1304X
Time v1 756 us  vs. Time v2 70 us
		Acceleration of 10.8X
Time v1 747 us  vs. Time v2 71 us
		Acceleration of 10.5211X
Time v1 756 us  vs. Time v2 70 us
		Acceleration of 10.8X
Time v1 743 us  vs. Time v2 70 us
		Acceleration of 10.6143X
Time v1 770 us  vs. Time v2 70 us
		Acceleration of 11X
Time v1 764 us  vs. Time v2 71 us
		Acceleration of 10.7606X
Time v1 749 us  vs. Time v2 72 us
		Acceleration of 10.4028X
Time v1 762 us  vs. Time v2 70 us
		Acceleration of 10.8857X
Time v1 755 us  vs. Time v2 72 us
		Acceleration of 10.4861X
Time v1 761 us  vs. Time v2 69 us
		Acceleration of 11.029X
Time v1 767 us  vs. Time v2 68 us
		Acceleration of 11.2794X
Time v1 783 us  vs. Time v2 69 us
		Acceleration of 11.3478X
Time v1 757 us  vs. Time v2 70 us
		Acceleration of 10.8143X
Time v1 739 us  vs. Time v2 71 us
		Acceleration of 10.4085X
Time v1 753 us  vs. Time v2 71 us
		Acceleration of 10.6056X
Time v1 761 us  vs. Time v2 71 us
		Acceleration of 10.7183X
Time v1 767 us  vs. Time v2 71 us
		Acceleration of 10.8028X
Time v1 767 us  vs. Time v2 69 us
		Acceleration of 11.1159X
Time v1 760 us  vs. Time v2 71 us
		Acceleration of 10.7042X
Time v1 770 us  vs. Time v2 70 us
		Acceleration of 11X
Time v1 749 us  vs. Time v2 71 us
		Acceleration of 10.5493X
Time v1 755 us  vs. Time v2 70 us
		Acceleration of 10.7857X
Time v1 765 us  vs. Time v2 71 us
		Acceleration of 10.7746X
Time v1 771 us  vs. Time v2 71 us
		Acceleration of 10.8592X
Time v1 762 us  vs. Time v2 76 us
		Acceleration of 10.0263X
Time v1 742 us  vs. Time v2 70 us
		Acceleration of 10.6X
Time v1 757 us  vs. Time v2 70 us
		Acceleration of 10.8143X
Time v1 751 us  vs. Time v2 70 us
		Acceleration of 10.7286X
Time v1 763 us  vs. Time v2 70 us
		Acceleration of 10.9X
Time v1 769 us  vs. Time v2 70 us
		Acceleration of 10.9857X
Time v1 763 us  vs. Time v2 74 us
		Acceleration of 10.3108X
Time v1 749 us  vs. Time v2 71 us
		Acceleration of 10.5493X
Time v1 760 us  vs. Time v2 71 us
		Acceleration of 10.7042X
Time v1 748 us  vs. Time v2 71 us
		Acceleration of 10.5352X
Time v1 769 us  vs. Time v2 71 us
		Acceleration of 10.831X
Time v1 761 us  vs. Time v2 69 us
		Acceleration of 11.029X
Time v1 777 us  vs. Time v2 80 us
		Acceleration of 9.7125X
Time v1 766 us  vs. Time v2 70 us
		Acceleration of 10.9429X
Time v1 747 us  vs. Time v2 71 us
		Acceleration of 10.5211X
Time v1 758 us  vs. Time v2 72 us
		Acceleration of 10.5278X
Time v1 759 us  vs. Time v2 70 us
		Acceleration of 10.8429X
Time v1 762 us  vs. Time v2 69 us
		Acceleration of 11.0435X
Time v1 774 us  vs. Time v2 70 us
		Acceleration of 11.0571X
Time v1 775 us  vs. Time v2 71 us
		Acceleration of 10.9155X
Time v1 768 us  vs. Time v2 71 us
		Acceleration of 10.8169X
Time v1 764 us  vs. Time v2 72 us
		Acceleration of 10.6111X
Time v1 759 us  vs. Time v2 70 us
		Acceleration of 10.8429X
Time v1 763 us  vs. Time v2 70 us
		Acceleration of 10.9X
Time v1 760 us  vs. Time v2 71 us
		Acceleration of 10.7042X
Time v1 770 us  vs. Time v2 71 us
		Acceleration of 10.8451X
Time v1 756 us  vs. Time v2 70 us
		Acceleration of 10.8X
current simulated time: 0.1 minutes 
interval wall time: 0 days, 0 hours, 0 minutes, and 2.92939 seconds 
total wall time: 0 days, 0 hours, 0 minutes, and 2.9294 seconds 
time: 0.1
