Cartesian mesh resize desactivated 2
Standard Microenvironment declaration finished
Cartesian mesh resize desactivated 2
Standard Microenvironment declaration finished
Cartesian mesh resize desactivated 2
Standard Microenvironment declaration finished
Resize space uniform
Adding subsrate
Substrate has been added

Microenvironment summary: unnamed: 

Mesh information: 
type: uniform Cartesian
Domain: [-1000,1000] none x [-1000,1000] none x [-1000,1000] none
   resolution: dx = 10 noneDensities: (1 total)
   substrate0:
     units: dimensionless
     diffusion coefficient: 100000 none^2 / none
     decay rate: 0.1 none^-1
     diffusion length scale: 1000 none


Diffusion is going to start
This value 100 should be 100
Time v1 1261 us  vs. Time v2 263 us
		Acceleration of 4.79468X
Time v1 1272 us  vs. Time v2 107 us
		Acceleration of 11.8879X
Time v1 1119 us  vs. Time v2 108 us
		Acceleration of 10.3611X
Time v1 1114 us  vs. Time v2 106 us
		Acceleration of 10.5094X
Time v1 1168 us  vs. Time v2 106 us
		Acceleration of 11.0189X
Time v1 1124 us  vs. Time v2 106 us
		Acceleration of 10.6038X
Time v1 1126 us  vs. Time v2 107 us
		Acceleration of 10.5234X
Time v1 1123 us  vs. Time v2 105 us
		Acceleration of 10.6952X
Time v1 1139 us  vs. Time v2 104 us
		Acceleration of 10.9519X
Time v1 1085 us  vs. Time v2 107 us
		Acceleration of 10.1402X
Time v1 1114 us  vs. Time v2 106 us
		Acceleration of 10.5094X
Time v1 1117 us  vs. Time v2 108 us
		Acceleration of 10.3426X
Time v1 1154 us  vs. Time v2 107 us
		Acceleration of 10.785X
Time v1 1131 us  vs. Time v2 108 us
		Acceleration of 10.4722X
Time v1 1103 us  vs. Time v2 110 us
		Acceleration of 10.0273X
Time v1 1101 us  vs. Time v2 103 us
		Acceleration of 10.6893X
Time v1 1102 us  vs. Time v2 117 us
		Acceleration of 9.4188X
Time v1 1133 us  vs. Time v2 103 us
		Acceleration of 11X
Time v1 1104 us  vs. Time v2 106 us
		Acceleration of 10.4151X
Time v1 1122 us  vs. Time v2 105 us
		Acceleration of 10.6857X
Time v1 1115 us  vs. Time v2 104 us
		Acceleration of 10.7212X
Time v1 1110 us  vs. Time v2 104 us
		Acceleration of 10.6731X
Time v1 1099 us  vs. Time v2 108 us
		Acceleration of 10.1759X
Time v1 1143 us  vs. Time v2 102 us
		Acceleration of 11.2059X
Time v1 1108 us  vs. Time v2 106 us
		Acceleration of 10.4528X
Time v1 1119 us  vs. Time v2 108 us
		Acceleration of 10.3611X
Time v1 1141 us  vs. Time v2 99 us
		Acceleration of 11.5253X
Time v1 1109 us  vs. Time v2 106 us
		Acceleration of 10.4623X
Time v1 1129 us  vs. Time v2 109 us
		Acceleration of 10.3578X
Time v1 1105 us  vs. Time v2 126 us
		Acceleration of 8.76984X
Time v1 1152 us  vs. Time v2 104 us
		Acceleration of 11.0769X
Time v1 1122 us  vs. Time v2 106 us
		Acceleration of 10.5849X
Time v1 1109 us  vs. Time v2 104 us
		Acceleration of 10.6635X
Time v1 1125 us  vs. Time v2 121 us
		Acceleration of 9.29752X
Time v1 1130 us  vs. Time v2 107 us
		Acceleration of 10.5607X
Time v1 1106 us  vs. Time v2 107 us
		Acceleration of 10.3364X
Time v1 1126 us  vs. Time v2 103 us
		Acceleration of 10.932X
Time v1 1100 us  vs. Time v2 104 us
		Acceleration of 10.5769X
Time v1 1090 us  vs. Time v2 105 us
		Acceleration of 10.381X
Time v1 1133 us  vs. Time v2 106 us
		Acceleration of 10.6887X
Time v1 1113 us  vs. Time v2 106 us
		Acceleration of 10.5X
Time v1 1101 us  vs. Time v2 104 us
		Acceleration of 10.5865X
Time v1 1121 us  vs. Time v2 109 us
		Acceleration of 10.2844X
Time v1 1112 us  vs. Time v2 105 us
		Acceleration of 10.5905X
Time v1 1100 us  vs. Time v2 106 us
		Acceleration of 10.3774X
Time v1 1092 us  vs. Time v2 102 us
		Acceleration of 10.7059X
Time v1 1123 us  vs. Time v2 123 us
		Acceleration of 9.13008X
Time v1 1095 us  vs. Time v2 106 us
		Acceleration of 10.3302X
Time v1 1115 us  vs. Time v2 104 us
		Acceleration of 10.7212X
Time v1 1117 us  vs. Time v2 105 us
		Acceleration of 10.6381X
Time v1 1100 us  vs. Time v2 105 us
		Acceleration of 10.4762X
Time v1 1093 us  vs. Time v2 103 us
		Acceleration of 10.6117X
Time v1 1128 us  vs. Time v2 100 us
		Acceleration of 11.28X
Time v1 1099 us  vs. Time v2 104 us
		Acceleration of 10.5673X
Time v1 1129 us  vs. Time v2 103 us
		Acceleration of 10.9612X
Time v1 1092 us  vs. Time v2 120 us
		Acceleration of 9.1X
Time v1 1116 us  vs. Time v2 104 us
		Acceleration of 10.7308X
Time v1 1109 us  vs. Time v2 102 us
		Acceleration of 10.8725X
Time v1 1108 us  vs. Time v2 105 us
		Acceleration of 10.5524X
Time v1 1120 us  vs. Time v2 104 us
		Acceleration of 10.7692X
Time v1 1117 us  vs. Time v2 103 us
		Acceleration of 10.8447X
Time v1 1103 us  vs. Time v2 107 us
		Acceleration of 10.3084X
Time v1 1110 us  vs. Time v2 105 us
		Acceleration of 10.5714X
Time v1 1102 us  vs. Time v2 103 us
		Acceleration of 10.699X
Time v1 1120 us  vs. Time v2 124 us
		Acceleration of 9.03226X
Time v1 1134 us  vs. Time v2 101 us
		Acceleration of 11.2277X
Time v1 1096 us  vs. Time v2 104 us
		Acceleration of 10.5385X
Time v1 1102 us  vs. Time v2 105 us
		Acceleration of 10.4952X
Time v1 1094 us  vs. Time v2 102 us
		Acceleration of 10.7255X
Time v1 1155 us  vs. Time v2 103 us
		Acceleration of 11.2136X
Time v1 1114 us  vs. Time v2 102 us
		Acceleration of 10.9216X
Time v1 1068 us  vs. Time v2 108 us
		Acceleration of 9.88889X
Time v1 1112 us  vs. Time v2 106 us
		Acceleration of 10.4906X
Time v1 1100 us  vs. Time v2 113 us
		Acceleration of 9.73451X
Time v1 1112 us  vs. Time v2 101 us
		Acceleration of 11.0099X
Time v1 1108 us  vs. Time v2 102 us
		Acceleration of 10.8627X
Time v1 1122 us  vs. Time v2 102 us
		Acceleration of 11X
Time v1 1098 us  vs. Time v2 101 us
		Acceleration of 10.8713X
Time v1 1112 us  vs. Time v2 105 us
		Acceleration of 10.5905X
Time v1 1129 us  vs. Time v2 104 us
		Acceleration of 10.8558X
Time v1 1111 us  vs. Time v2 106 us
		Acceleration of 10.4811X
Time v1 1098 us  vs. Time v2 103 us
		Acceleration of 10.6602X
Time v1 1140 us  vs. Time v2 104 us
		Acceleration of 10.9615X
Time v1 1111 us  vs. Time v2 104 us
		Acceleration of 10.6827X
Time v1 1097 us  vs. Time v2 102 us
		Acceleration of 10.7549X
Time v1 1110 us  vs. Time v2 106 us
		Acceleration of 10.4717X
Time v1 1079 us  vs. Time v2 108 us
		Acceleration of 9.99074X
Time v1 1116 us  vs. Time v2 103 us
		Acceleration of 10.835X
Time v1 1118 us  vs. Time v2 97 us
		Acceleration of 11.5258X
Time v1 1110 us  vs. Time v2 106 us
		Acceleration of 10.4717X
Time v1 1091 us  vs. Time v2 102 us
		Acceleration of 10.6961X
Time v1 1097 us  vs. Time v2 111 us
		Acceleration of 9.88288X
Time v1 1135 us  vs. Time v2 102 us
		Acceleration of 11.1275X
Time v1 1104 us  vs. Time v2 104 us
		Acceleration of 10.6154X
Time v1 1088 us  vs. Time v2 109 us
		Acceleration of 9.98165X
Time v1 1096 us  vs. Time v2 106 us
		Acceleration of 10.3396X
Time v1 1092 us  vs. Time v2 115 us
		Acceleration of 9.49565X
Time v1 1331 us  vs. Time v2 105 us
		Acceleration of 12.6762X
Time v1 1106 us  vs. Time v2 101 us
		Acceleration of 10.9505X
current simulated time: 0.1 minutes 
interval wall time: 0 days, 0 hours, 0 minutes, and 3.10882 seconds 
total wall time: 0 days, 0 hours, 0 minutes, and 3.10883 seconds 
time: 0.1
