Cartesian mesh resize desactivated 2
Standard Microenvironment declaration finished
Cartesian mesh resize desactivated 2
Standard Microenvironment declaration finished
Cartesian mesh resize desactivated 2
Standard Microenvironment declaration finished
Resize space uniform
Adding subsrate
Substrate has been added

Microenvironment summary: unnamed: 

Mesh information: 
type: uniform Cartesian
Domain: [-1500,1500] none x [-1500,1500] none x [-1500,1500] none
   resolution: dx = 10 noneDensities: (1 total)
   substrate0:
     units: dimensionless
     diffusion coefficient: 100000 none^2 / none
     decay rate: 0.1 none^-1
     diffusion length scale: 1000 none


Diffusion is going to start
This value 100 should be 100
Time v1 3843 us  vs. Time v2 277 us
		Acceleration of 13.8736X
Time v1 2978 us  vs. Time v2 163 us
		Acceleration of 18.2699X
Time v1 2500 us  vs. Time v2 139 us
		Acceleration of 17.9856X
Time v1 2509 us  vs. Time v2 143 us
		Acceleration of 17.5455X
Time v1 2402 us  vs. Time v2 140 us
		Acceleration of 17.1571X
Time v1 2437 us  vs. Time v2 137 us
		Acceleration of 17.7883X
Time v1 2459 us  vs. Time v2 154 us
		Acceleration of 15.9675X
Time v1 2449 us  vs. Time v2 136 us
		Acceleration of 18.0074X
Time v1 2462 us  vs. Time v2 140 us
		Acceleration of 17.5857X
Time v1 2441 us  vs. Time v2 160 us
		Acceleration of 15.2562X
Time v1 2469 us  vs. Time v2 136 us
		Acceleration of 18.1544X
Time v1 2470 us  vs. Time v2 137 us
		Acceleration of 18.0292X
Time v1 2452 us  vs. Time v2 150 us
		Acceleration of 16.3467X
Time v1 2504 us  vs. Time v2 133 us
		Acceleration of 18.8271X
Time v1 2450 us  vs. Time v2 151 us
		Acceleration of 16.2252X
Time v1 2448 us  vs. Time v2 135 us
		Acceleration of 18.1333X
Time v1 2488 us  vs. Time v2 138 us
		Acceleration of 18.029X
Time v1 2443 us  vs. Time v2 138 us
		Acceleration of 17.7029X
Time v1 2473 us  vs. Time v2 148 us
		Acceleration of 16.7095X
Time v1 2490 us  vs. Time v2 137 us
		Acceleration of 18.1752X
Time v1 2448 us  vs. Time v2 132 us
		Acceleration of 18.5455X
Time v1 2449 us  vs. Time v2 137 us
		Acceleration of 17.8759X
Time v1 2450 us  vs. Time v2 163 us
		Acceleration of 15.0307X
Time v1 2444 us  vs. Time v2 133 us
		Acceleration of 18.3759X
Time v1 2446 us  vs. Time v2 133 us
		Acceleration of 18.391X
Time v1 2463 us  vs. Time v2 141 us
		Acceleration of 17.4681X
Time v1 2453 us  vs. Time v2 138 us
		Acceleration of 17.7754X
Time v1 2422 us  vs. Time v2 148 us
		Acceleration of 16.3649X
Time v1 2437 us  vs. Time v2 138 us
		Acceleration of 17.6594X
Time v1 2437 us  vs. Time v2 138 us
		Acceleration of 17.6594X
Time v1 2433 us  vs. Time v2 138 us
		Acceleration of 17.6304X
Time v1 2450 us  vs. Time v2 137 us
		Acceleration of 17.8832X
Time v1 2412 us  vs. Time v2 134 us
		Acceleration of 18X
Time v1 2465 us  vs. Time v2 137 us
		Acceleration of 17.9927X
Time v1 2437 us  vs. Time v2 161 us
		Acceleration of 15.1366X
Time v1 2428 us  vs. Time v2 137 us
		Acceleration of 17.7226X
Time v1 2468 us  vs. Time v2 133 us
		Acceleration of 18.5564X
Time v1 2444 us  vs. Time v2 149 us
		Acceleration of 16.4027X
Time v1 2451 us  vs. Time v2 134 us
		Acceleration of 18.291X
Time v1 2434 us  vs. Time v2 141 us
		Acceleration of 17.2624X
Time v1 2432 us  vs. Time v2 137 us
		Acceleration of 17.7518X
Time v1 2423 us  vs. Time v2 133 us
		Acceleration of 18.218X
Time v1 2418 us  vs. Time v2 133 us
		Acceleration of 18.1805X
Time v1 2430 us  vs. Time v2 139 us
		Acceleration of 17.482X
Time v1 2427 us  vs. Time v2 136 us
		Acceleration of 17.8456X
Time v1 2433 us  vs. Time v2 136 us
		Acceleration of 17.8897X
Time v1 2426 us  vs. Time v2 154 us
		Acceleration of 15.7532X
Time v1 2449 us  vs. Time v2 126 us
		Acceleration of 19.4365X
Time v1 2428 us  vs. Time v2 132 us
		Acceleration of 18.3939X
Time v1 2408 us  vs. Time v2 135 us
		Acceleration of 17.837X
Time v1 2472 us  vs. Time v2 131 us
		Acceleration of 18.8702X
Time v1 2411 us  vs. Time v2 144 us
		Acceleration of 16.7431X
Time v1 2426 us  vs. Time v2 141 us
		Acceleration of 17.2057X
Time v1 2460 us  vs. Time v2 137 us
		Acceleration of 17.9562X
Time v1 2421 us  vs. Time v2 134 us
		Acceleration of 18.0672X
Time v1 2405 us  vs. Time v2 137 us
		Acceleration of 17.5547X
Time v1 2419 us  vs. Time v2 135 us
		Acceleration of 17.9185X
Time v1 2428 us  vs. Time v2 141 us
		Acceleration of 17.2199X
Time v1 2393 us  vs. Time v2 140 us
		Acceleration of 17.0929X
Time v1 2439 us  vs. Time v2 137 us
		Acceleration of 17.8029X
Time v1 2427 us  vs. Time v2 140 us
		Acceleration of 17.3357X
Time v1 2424 us  vs. Time v2 133 us
		Acceleration of 18.2256X
Time v1 2413 us  vs. Time v2 137 us
		Acceleration of 17.6131X
Time v1 2404 us  vs. Time v2 134 us
		Acceleration of 17.9403X
Time v1 2440 us  vs. Time v2 148 us
		Acceleration of 16.4865X
Time v1 2402 us  vs. Time v2 140 us
		Acceleration of 17.1571X
Time v1 2433 us  vs. Time v2 130 us
		Acceleration of 18.7154X
Time v1 2438 us  vs. Time v2 129 us
		Acceleration of 18.8992X
Time v1 2409 us  vs. Time v2 132 us
		Acceleration of 18.25X
Time v1 2410 us  vs. Time v2 133 us
		Acceleration of 18.1203X
Time v1 2413 us  vs. Time v2 135 us
		Acceleration of 17.8741X
Time v1 2434 us  vs. Time v2 148 us
		Acceleration of 16.4459X
Time v1 2411 us  vs. Time v2 134 us
		Acceleration of 17.9925X
Time v1 2439 us  vs. Time v2 135 us
		Acceleration of 18.0667X
Time v1 2415 us  vs. Time v2 145 us
		Acceleration of 16.6552X
Time v1 2775 us  vs. Time v2 140 us
		Acceleration of 19.8214X
Time v1 2424 us  vs. Time v2 133 us
		Acceleration of 18.2256X
Time v1 2463 us  vs. Time v2 130 us
		Acceleration of 18.9462X
Time v1 2437 us  vs. Time v2 133 us
		Acceleration of 18.3233X
Time v1 2422 us  vs. Time v2 133 us
		Acceleration of 18.2105X
Time v1 2436 us  vs. Time v2 138 us
		Acceleration of 17.6522X
Time v1 2441 us  vs. Time v2 134 us
		Acceleration of 18.2164X
Time v1 2400 us  vs. Time v2 142 us
		Acceleration of 16.9014X
Time v1 2443 us  vs. Time v2 140 us
		Acceleration of 17.45X
Time v1 2493 us  vs. Time v2 135 us
		Acceleration of 18.4667X
Time v1 2397 us  vs. Time v2 133 us
		Acceleration of 18.0226X
Time v1 2414 us  vs. Time v2 134 us
		Acceleration of 18.0149X
Time v1 2435 us  vs. Time v2 144 us
		Acceleration of 16.9097X
Time v1 2409 us  vs. Time v2 134 us
		Acceleration of 17.9776X
Time v1 2403 us  vs. Time v2 140 us
		Acceleration of 17.1643X
Time v1 2439 us  vs. Time v2 134 us
		Acceleration of 18.2015X
Time v1 2425 us  vs. Time v2 135 us
		Acceleration of 17.963X
Time v1 2411 us  vs. Time v2 133 us
		Acceleration of 18.1278X
Time v1 2419 us  vs. Time v2 132 us
		Acceleration of 18.3258X
Time v1 2420 us  vs. Time v2 135 us
		Acceleration of 17.9259X
Time v1 2448 us  vs. Time v2 134 us
		Acceleration of 18.2687X
Time v1 2407 us  vs. Time v2 135 us
		Acceleration of 17.8296X
Time v1 2424 us  vs. Time v2 125 us
		Acceleration of 19.392X
Time v1 2455 us  vs. Time v2 128 us
		Acceleration of 19.1797X
current simulated time: 0.1 minutes 
interval wall time: 0 days, 0 hours, 0 minutes, and 8.68381 seconds 
total wall time: 0 days, 0 hours, 0 minutes, and 8.68385 seconds 
time: 0.1
