Cartesian mesh resize desactivated 2
Standard Microenvironment declaration finished
Cartesian mesh resize desactivated 2
Standard Microenvironment declaration finished
Cartesian mesh resize desactivated 2
Standard Microenvironment declaration finished
Resize space uniform
Adding subsrate
Substrate has been added

Microenvironment summary: unnamed: 

Mesh information: 
type: uniform Cartesian
Domain: [-1500,1500] none x [-1500,1500] none x [-1500,1500] none
   resolution: dx = 10 noneDensities: (1 total)
   substrate0:
     units: dimensionless
     diffusion coefficient: 100000 none^2 / none
     decay rate: 0.1 none^-1
     diffusion length scale: 1000 none


Diffusion is going to start
This value 100 should be 100
Time v1 2531 us  vs. Time v2 159 us
		Acceleration of 15.9182X
Time v1 1867 us  vs. Time v2 96 us
		Acceleration of 19.4479X
Time v1 2658 us  vs. Time v2 96 us
		Acceleration of 27.6875X
Time v1 1670 us  vs. Time v2 94 us
		Acceleration of 17.766X
Time v1 1666 us  vs. Time v2 94 us
		Acceleration of 17.7234X
Time v1 1687 us  vs. Time v2 94 us
		Acceleration of 17.9468X
Time v1 1677 us  vs. Time v2 92 us
		Acceleration of 18.2283X
Time v1 1671 us  vs. Time v2 93 us
		Acceleration of 17.9677X
Time v1 1671 us  vs. Time v2 92 us
		Acceleration of 18.163X
Time v1 1663 us  vs. Time v2 102 us
		Acceleration of 16.3039X
Time v1 1689 us  vs. Time v2 92 us
		Acceleration of 18.3587X
Time v1 1659 us  vs. Time v2 94 us
		Acceleration of 17.6489X
Time v1 1667 us  vs. Time v2 90 us
		Acceleration of 18.5222X
Time v1 1674 us  vs. Time v2 91 us
		Acceleration of 18.3956X
Time v1 1653 us  vs. Time v2 92 us
		Acceleration of 17.9674X
Time v1 1660 us  vs. Time v2 94 us
		Acceleration of 17.6596X
Time v1 1689 us  vs. Time v2 90 us
		Acceleration of 18.7667X
Time v1 1662 us  vs. Time v2 92 us
		Acceleration of 18.0652X
Time v1 1681 us  vs. Time v2 91 us
		Acceleration of 18.4725X
Time v1 1661 us  vs. Time v2 92 us
		Acceleration of 18.0543X
Time v1 1663 us  vs. Time v2 93 us
		Acceleration of 17.8817X
Time v1 1677 us  vs. Time v2 90 us
		Acceleration of 18.6333X
Time v1 1646 us  vs. Time v2 97 us
		Acceleration of 16.9691X
Time v1 1641 us  vs. Time v2 95 us
		Acceleration of 17.2737X
Time v1 1662 us  vs. Time v2 93 us
		Acceleration of 17.871X
Time v1 1646 us  vs. Time v2 92 us
		Acceleration of 17.8913X
Time v1 1662 us  vs. Time v2 97 us
		Acceleration of 17.134X
Time v1 1659 us  vs. Time v2 91 us
		Acceleration of 18.2308X
Time v1 1661 us  vs. Time v2 91 us
		Acceleration of 18.2527X
Time v1 1670 us  vs. Time v2 91 us
		Acceleration of 18.3516X
Time v1 1660 us  vs. Time v2 102 us
		Acceleration of 16.2745X
Time v1 1657 us  vs. Time v2 93 us
		Acceleration of 17.8172X
Time v1 1656 us  vs. Time v2 92 us
		Acceleration of 18X
Time v1 1666 us  vs. Time v2 94 us
		Acceleration of 17.7234X
Time v1 1667 us  vs. Time v2 92 us
		Acceleration of 18.1196X
Time v1 1657 us  vs. Time v2 90 us
		Acceleration of 18.4111X
Time v1 1628 us  vs. Time v2 90 us
		Acceleration of 18.0889X
Time v1 1662 us  vs. Time v2 92 us
		Acceleration of 18.0652X
Time v1 1654 us  vs. Time v2 94 us
		Acceleration of 17.5957X
Time v1 1655 us  vs. Time v2 91 us
		Acceleration of 18.1868X
Time v1 1647 us  vs. Time v2 93 us
		Acceleration of 17.7097X
Time v1 1660 us  vs. Time v2 92 us
		Acceleration of 18.0435X
Time v1 1660 us  vs. Time v2 91 us
		Acceleration of 18.2418X
Time v1 1650 us  vs. Time v2 92 us
		Acceleration of 17.9348X
Time v1 1666 us  vs. Time v2 92 us
		Acceleration of 18.1087X
Time v1 1658 us  vs. Time v2 92 us
		Acceleration of 18.0217X
Time v1 1665 us  vs. Time v2 90 us
		Acceleration of 18.5X
Time v1 1653 us  vs. Time v2 92 us
		Acceleration of 17.9674X
Time v1 1656 us  vs. Time v2 90 us
		Acceleration of 18.4X
Time v1 1655 us  vs. Time v2 93 us
		Acceleration of 17.7957X
Time v1 1654 us  vs. Time v2 91 us
		Acceleration of 18.1758X
Time v1 1655 us  vs. Time v2 89 us
		Acceleration of 18.5955X
Time v1 1643 us  vs. Time v2 90 us
		Acceleration of 18.2556X
Time v1 1658 us  vs. Time v2 84 us
		Acceleration of 19.7381X
Time v1 1658 us  vs. Time v2 89 us
		Acceleration of 18.6292X
Time v1 1650 us  vs. Time v2 91 us
		Acceleration of 18.1319X
Time v1 1653 us  vs. Time v2 89 us
		Acceleration of 18.573X
Time v1 1652 us  vs. Time v2 86 us
		Acceleration of 19.2093X
Time v1 1655 us  vs. Time v2 87 us
		Acceleration of 19.023X
Time v1 1650 us  vs. Time v2 84 us
		Acceleration of 19.6429X
Time v1 1654 us  vs. Time v2 88 us
		Acceleration of 18.7955X
Time v1 1655 us  vs. Time v2 87 us
		Acceleration of 19.023X
Time v1 1657 us  vs. Time v2 89 us
		Acceleration of 18.618X
Time v1 1644 us  vs. Time v2 88 us
		Acceleration of 18.6818X
Time v1 1646 us  vs. Time v2 85 us
		Acceleration of 19.3647X
Time v1 1651 us  vs. Time v2 87 us
		Acceleration of 18.977X
Time v1 1642 us  vs. Time v2 90 us
		Acceleration of 18.2444X
Time v1 1647 us  vs. Time v2 88 us
		Acceleration of 18.7159X
Time v1 1660 us  vs. Time v2 88 us
		Acceleration of 18.8636X
Time v1 1651 us  vs. Time v2 86 us
		Acceleration of 19.1977X
Time v1 1620 us  vs. Time v2 92 us
		Acceleration of 17.6087X
Time v1 1652 us  vs. Time v2 87 us
		Acceleration of 18.9885X
Time v1 1638 us  vs. Time v2 86 us
		Acceleration of 19.0465X
Time v1 1644 us  vs. Time v2 86 us
		Acceleration of 19.1163X
Time v1 1647 us  vs. Time v2 90 us
		Acceleration of 18.3X
Time v1 1659 us  vs. Time v2 85 us
		Acceleration of 19.5176X
Time v1 1657 us  vs. Time v2 86 us
		Acceleration of 19.2674X
Time v1 1647 us  vs. Time v2 86 us
		Acceleration of 19.1512X
Time v1 1639 us  vs. Time v2 88 us
		Acceleration of 18.625X
Time v1 1646 us  vs. Time v2 87 us
		Acceleration of 18.9195X
Time v1 1648 us  vs. Time v2 85 us
		Acceleration of 19.3882X
Time v1 1624 us  vs. Time v2 86 us
		Acceleration of 18.8837X
Time v1 1680 us  vs. Time v2 86 us
		Acceleration of 19.5349X
Time v1 1637 us  vs. Time v2 86 us
		Acceleration of 19.0349X
Time v1 1644 us  vs. Time v2 87 us
		Acceleration of 18.8966X
Time v1 1646 us  vs. Time v2 86 us
		Acceleration of 19.1395X
Time v1 1675 us  vs. Time v2 86 us
		Acceleration of 19.4767X
Time v1 1679 us  vs. Time v2 86 us
		Acceleration of 19.5233X
Time v1 1649 us  vs. Time v2 89 us
		Acceleration of 18.5281X
Time v1 1652 us  vs. Time v2 87 us
		Acceleration of 18.9885X
Time v1 1649 us  vs. Time v2 85 us
		Acceleration of 19.4X
Time v1 1661 us  vs. Time v2 87 us
		Acceleration of 19.092X
Time v1 1642 us  vs. Time v2 84 us
		Acceleration of 19.5476X
Time v1 1653 us  vs. Time v2 86 us
		Acceleration of 19.2209X
Time v1 1651 us  vs. Time v2 89 us
		Acceleration of 18.5506X
Time v1 1646 us  vs. Time v2 88 us
		Acceleration of 18.7045X
Time v1 1648 us  vs. Time v2 88 us
		Acceleration of 18.7273X
Time v1 1646 us  vs. Time v2 86 us
		Acceleration of 19.1395X
Time v1 1646 us  vs. Time v2 86 us
		Acceleration of 19.1395X
current simulated time: 0.1 minutes 
interval wall time: 0 days, 0 hours, 0 minutes, and 8.75388 seconds 
total wall time: 0 days, 0 hours, 0 minutes, and 8.7539 seconds 
time: 0.1
