Cartesian mesh resize desactivated 2
Standard Microenvironment declaration finished
Cartesian mesh resize desactivated 2
Standard Microenvironment declaration finished
Cartesian mesh resize desactivated 2
Standard Microenvironment declaration finished
Resize space uniform
Adding subsrate
Substrate has been added

Microenvironment summary: unnamed: 

Mesh information: 
type: uniform Cartesian
Domain: [-2000,2000] none x [-2000,2000] none x [-2000,2000] none
   resolution: dx = 10 noneDensities: (1 total)
   substrate0:
     units: dimensionless
     diffusion coefficient: 100000 none^2 / none
     decay rate: 0.1 none^-1
     diffusion length scale: 1000 none


Diffusion is going to start
This value 100 should be 100
Time v1 7027 us  vs. Time v2 562 us
		Acceleration of 12.5036X
Time v1 7229 us  vs. Time v2 398 us
		Acceleration of 18.1633X
Time v1 5549 us  vs. Time v2 342 us
		Acceleration of 16.2251X
Time v1 5548 us  vs. Time v2 343 us
		Acceleration of 16.1749X
Time v1 5474 us  vs. Time v2 342 us
		Acceleration of 16.0058X
Time v1 5455 us  vs. Time v2 312 us
		Acceleration of 17.484X
Time v1 5499 us  vs. Time v2 323 us
		Acceleration of 17.0248X
Time v1 5469 us  vs. Time v2 305 us
		Acceleration of 17.9311X
Time v1 5548 us  vs. Time v2 321 us
		Acceleration of 17.2835X
Time v1 5452 us  vs. Time v2 334 us
		Acceleration of 16.3234X
Time v1 5493 us  vs. Time v2 304 us
		Acceleration of 18.0691X
Time v1 5477 us  vs. Time v2 315 us
		Acceleration of 17.3873X
Time v1 5446 us  vs. Time v2 314 us
		Acceleration of 17.3439X
Time v1 5541 us  vs. Time v2 313 us
		Acceleration of 17.7029X
Time v1 5445 us  vs. Time v2 329 us
		Acceleration of 16.5502X
Time v1 5451 us  vs. Time v2 307 us
		Acceleration of 17.7557X
Time v1 5747 us  vs. Time v2 321 us
		Acceleration of 17.9034X
Time v1 5480 us  vs. Time v2 309 us
		Acceleration of 17.7346X
Time v1 5467 us  vs. Time v2 299 us
		Acceleration of 18.2843X
Time v1 5507 us  vs. Time v2 308 us
		Acceleration of 17.8799X
Time v1 5512 us  vs. Time v2 331 us
		Acceleration of 16.6526X
Time v1 5441 us  vs. Time v2 318 us
		Acceleration of 17.1101X
Time v1 5457 us  vs. Time v2 302 us
		Acceleration of 18.0695X
Time v1 5630 us  vs. Time v2 304 us
		Acceleration of 18.5197X
Time v1 5458 us  vs. Time v2 308 us
		Acceleration of 17.7208X
Time v1 5473 us  vs. Time v2 320 us
		Acceleration of 17.1031X
Time v1 5416 us  vs. Time v2 308 us
		Acceleration of 17.5844X
Time v1 5470 us  vs. Time v2 302 us
		Acceleration of 18.1126X
Time v1 5453 us  vs. Time v2 304 us
		Acceleration of 17.9375X
Time v1 5488 us  vs. Time v2 307 us
		Acceleration of 17.8762X
Time v1 5504 us  vs. Time v2 318 us
		Acceleration of 17.3082X
Time v1 5420 us  vs. Time v2 301 us
		Acceleration of 18.0066X
Time v1 5563 us  vs. Time v2 303 us
		Acceleration of 18.3597X
Time v1 5480 us  vs. Time v2 313 us
		Acceleration of 17.508X
Time v1 5458 us  vs. Time v2 298 us
		Acceleration of 18.3154X
Time v1 5476 us  vs. Time v2 316 us
		Acceleration of 17.3291X
Time v1 5414 us  vs. Time v2 308 us
		Acceleration of 17.5779X
Time v1 5459 us  vs. Time v2 306 us
		Acceleration of 17.8399X
Time v1 5536 us  vs. Time v2 303 us
		Acceleration of 18.2706X
Time v1 5412 us  vs. Time v2 331 us
		Acceleration of 16.3505X
Time v1 5447 us  vs. Time v2 310 us
		Acceleration of 17.571X
Time v1 5482 us  vs. Time v2 297 us
		Acceleration of 18.4579X
Time v1 5469 us  vs. Time v2 301 us
		Acceleration of 18.1694X
Time v1 5544 us  vs. Time v2 303 us
		Acceleration of 18.297X
Time v1 5456 us  vs. Time v2 315 us
		Acceleration of 17.3206X
Time v1 5386 us  vs. Time v2 295 us
		Acceleration of 18.2576X
Time v1 5480 us  vs. Time v2 322 us
		Acceleration of 17.0186X
Time v1 5430 us  vs. Time v2 299 us
		Acceleration of 18.1605X
Time v1 5446 us  vs. Time v2 331 us
		Acceleration of 16.4532X
Time v1 5456 us  vs. Time v2 295 us
		Acceleration of 18.4949X
Time v1 5423 us  vs. Time v2 304 us
		Acceleration of 17.8388X
Time v1 5452 us  vs. Time v2 297 us
		Acceleration of 18.3569X
Time v1 5445 us  vs. Time v2 321 us
		Acceleration of 16.9626X
Time v1 5436 us  vs. Time v2 303 us
		Acceleration of 17.9406X
Time v1 5440 us  vs. Time v2 307 us
		Acceleration of 17.7199X
Time v1 5500 us  vs. Time v2 304 us
		Acceleration of 18.0921X
Time v1 5468 us  vs. Time v2 294 us
		Acceleration of 18.5986X
Time v1 5427 us  vs. Time v2 320 us
		Acceleration of 16.9594X
Time v1 5432 us  vs. Time v2 299 us
		Acceleration of 18.1672X
Time v1 5444 us  vs. Time v2 302 us
		Acceleration of 18.0265X
Time v1 5544 us  vs. Time v2 296 us
		Acceleration of 18.7297X
Time v1 5486 us  vs. Time v2 316 us
		Acceleration of 17.3608X
Time v1 5533 us  vs. Time v2 317 us
		Acceleration of 17.4543X
Time v1 5484 us  vs. Time v2 295 us
		Acceleration of 18.5898X
Time v1 5414 us  vs. Time v2 299 us
		Acceleration of 18.107X
Time v1 5603 us  vs. Time v2 588 us
		Acceleration of 9.52891X
Time v1 5462 us  vs. Time v2 300 us
		Acceleration of 18.2067X
Time v1 5629 us  vs. Time v2 293 us
		Acceleration of 19.2116X
Time v1 5456 us  vs. Time v2 337 us
		Acceleration of 16.1899X
Time v1 5456 us  vs. Time v2 326 us
		Acceleration of 16.7362X
Time v1 5448 us  vs. Time v2 297 us
		Acceleration of 18.3434X
Time v1 5450 us  vs. Time v2 295 us
		Acceleration of 18.4746X
Time v1 5526 us  vs. Time v2 294 us
		Acceleration of 18.7959X
Time v1 5441 us  vs. Time v2 318 us
		Acceleration of 17.1101X
Time v1 5466 us  vs. Time v2 296 us
		Acceleration of 18.4662X
Time v1 5479 us  vs. Time v2 296 us
		Acceleration of 18.5101X
Time v1 5434 us  vs. Time v2 315 us
		Acceleration of 17.2508X
Time v1 5438 us  vs. Time v2 320 us
		Acceleration of 16.9937X
Time v1 5451 us  vs. Time v2 316 us
		Acceleration of 17.25X
Time v1 5408 us  vs. Time v2 293 us
		Acceleration of 18.4573X
Time v1 5497 us  vs. Time v2 300 us
		Acceleration of 18.3233X
Time v1 5412 us  vs. Time v2 302 us
		Acceleration of 17.9205X
Time v1 5426 us  vs. Time v2 291 us
		Acceleration of 18.646X
Time v1 5439 us  vs. Time v2 291 us
		Acceleration of 18.6907X
Time v1 5459 us  vs. Time v2 309 us
		Acceleration of 17.6667X
Time v1 5515 us  vs. Time v2 299 us
		Acceleration of 18.4448X
Time v1 5415 us  vs. Time v2 314 us
		Acceleration of 17.2452X
Time v1 5431 us  vs. Time v2 293 us
		Acceleration of 18.5358X
Time v1 5481 us  vs. Time v2 299 us
		Acceleration of 18.3311X
Time v1 5465 us  vs. Time v2 296 us
		Acceleration of 18.4628X
Time v1 5449 us  vs. Time v2 316 us
		Acceleration of 17.2437X
Time v1 5433 us  vs. Time v2 295 us
		Acceleration of 18.4169X
Time v1 5456 us  vs. Time v2 295 us
		Acceleration of 18.4949X
Time v1 5452 us  vs. Time v2 298 us
		Acceleration of 18.2953X
Time v1 5489 us  vs. Time v2 298 us
		Acceleration of 18.4195X
Time v1 5419 us  vs. Time v2 299 us
		Acceleration of 18.1237X
Time v1 5459 us  vs. Time v2 296 us
		Acceleration of 18.4426X
Time v1 5433 us  vs. Time v2 292 us
		Acceleration of 18.6062X
Time v1 5401 us  vs. Time v2 315 us
		Acceleration of 17.146X
current simulated time: 0.1 minutes 
interval wall time: 0 days, 0 hours, 0 minutes, and 25.9192 seconds 
total wall time: 0 days, 0 hours, 0 minutes, and 25.9192 seconds 
time: 0.1
