Cartesian mesh resize desactivated 2
Standard Microenvironment declaration finished
Cartesian mesh resize desactivated 2
Standard Microenvironment declaration finished
Cartesian mesh resize desactivated 2
Standard Microenvironment declaration finished
Resize space uniform
Adding subsrate
Substrate has been added

Microenvironment summary: unnamed: 

Mesh information: 
type: uniform Cartesian
Domain: [-2000,2000] none x [-2000,2000] none x [-2000,2000] none
   resolution: dx = 10 noneDensities: (1 total)
   substrate0:
     units: dimensionless
     diffusion coefficient: 100000 none^2 / none
     decay rate: 0.1 none^-1
     diffusion length scale: 1000 none


Diffusion is going to start
This value 100 should be 100
Time v1 6363 us  vs. Time v2 360 us
		Acceleration of 17.675X
Time v1 4514 us  vs. Time v2 231 us
		Acceleration of 19.5411X
Time v1 3881 us  vs. Time v2 209 us
		Acceleration of 18.5694X
Time v1 3846 us  vs. Time v2 209 us
		Acceleration of 18.4019X
Time v1 3826 us  vs. Time v2 228 us
		Acceleration of 16.7807X
Time v1 3819 us  vs. Time v2 211 us
		Acceleration of 18.0995X
Time v1 3817 us  vs. Time v2 215 us
		Acceleration of 17.7535X
Time v1 3818 us  vs. Time v2 211 us
		Acceleration of 18.0948X
Time v1 3810 us  vs. Time v2 212 us
		Acceleration of 17.9717X
Time v1 3854 us  vs. Time v2 210 us
		Acceleration of 18.3524X
Time v1 3825 us  vs. Time v2 202 us
		Acceleration of 18.9356X
Time v1 3819 us  vs. Time v2 207 us
		Acceleration of 18.4493X
Time v1 3818 us  vs. Time v2 206 us
		Acceleration of 18.534X
Time v1 3815 us  vs. Time v2 208 us
		Acceleration of 18.3413X
Time v1 3819 us  vs. Time v2 208 us
		Acceleration of 18.3606X
Time v1 3807 us  vs. Time v2 205 us
		Acceleration of 18.5707X
Time v1 3831 us  vs. Time v2 210 us
		Acceleration of 18.2429X
Time v1 3833 us  vs. Time v2 205 us
		Acceleration of 18.6976X
Time v1 3813 us  vs. Time v2 203 us
		Acceleration of 18.7833X
Time v1 3810 us  vs. Time v2 205 us
		Acceleration of 18.5854X
Time v1 3822 us  vs. Time v2 207 us
		Acceleration of 18.4638X
Time v1 3794 us  vs. Time v2 205 us
		Acceleration of 18.5073X
Time v1 3824 us  vs. Time v2 203 us
		Acceleration of 18.8374X
Time v1 3816 us  vs. Time v2 203 us
		Acceleration of 18.798X
Time v1 3812 us  vs. Time v2 205 us
		Acceleration of 18.5951X
Time v1 3800 us  vs. Time v2 203 us
		Acceleration of 18.7192X
Time v1 3818 us  vs. Time v2 202 us
		Acceleration of 18.901X
Time v1 3800 us  vs. Time v2 205 us
		Acceleration of 18.5366X
Time v1 3805 us  vs. Time v2 205 us
		Acceleration of 18.561X
Time v1 3786 us  vs. Time v2 206 us
		Acceleration of 18.3786X
Time v1 3807 us  vs. Time v2 203 us
		Acceleration of 18.7537X
Time v1 3802 us  vs. Time v2 204 us
		Acceleration of 18.6373X
Time v1 3797 us  vs. Time v2 206 us
		Acceleration of 18.432X
Time v1 3795 us  vs. Time v2 206 us
		Acceleration of 18.4223X
Time v1 3792 us  vs. Time v2 201 us
		Acceleration of 18.8657X
Time v1 3801 us  vs. Time v2 202 us
		Acceleration of 18.8168X
Time v1 3790 us  vs. Time v2 204 us
		Acceleration of 18.5784X
Time v1 3813 us  vs. Time v2 205 us
		Acceleration of 18.6X
Time v1 3804 us  vs. Time v2 204 us
		Acceleration of 18.6471X
Time v1 3793 us  vs. Time v2 206 us
		Acceleration of 18.4126X
Time v1 3791 us  vs. Time v2 201 us
		Acceleration of 18.8607X
Time v1 3804 us  vs. Time v2 206 us
		Acceleration of 18.466X
Time v1 3802 us  vs. Time v2 205 us
		Acceleration of 18.5463X
Time v1 3784 us  vs. Time v2 204 us
		Acceleration of 18.549X
Time v1 3798 us  vs. Time v2 204 us
		Acceleration of 18.6176X
Time v1 3813 us  vs. Time v2 203 us
		Acceleration of 18.7833X
Time v1 3796 us  vs. Time v2 202 us
		Acceleration of 18.7921X
Time v1 3793 us  vs. Time v2 203 us
		Acceleration of 18.6847X
Time v1 3832 us  vs. Time v2 204 us
		Acceleration of 18.7843X
Time v1 3818 us  vs. Time v2 202 us
		Acceleration of 18.901X
Time v1 3768 us  vs. Time v2 202 us
		Acceleration of 18.6535X
Time v1 3851 us  vs. Time v2 204 us
		Acceleration of 18.8775X
Time v1 3794 us  vs. Time v2 211 us
		Acceleration of 17.981X
Time v1 3803 us  vs. Time v2 204 us
		Acceleration of 18.6422X
Time v1 3811 us  vs. Time v2 208 us
		Acceleration of 18.3221X
Time v1 3787 us  vs. Time v2 208 us
		Acceleration of 18.2067X
Time v1 3790 us  vs. Time v2 206 us
		Acceleration of 18.3981X
Time v1 3812 us  vs. Time v2 204 us
		Acceleration of 18.6863X
Time v1 3824 us  vs. Time v2 206 us
		Acceleration of 18.5631X
Time v1 3781 us  vs. Time v2 207 us
		Acceleration of 18.2657X
Time v1 3795 us  vs. Time v2 209 us
		Acceleration of 18.1579X
Time v1 3795 us  vs. Time v2 208 us
		Acceleration of 18.2452X
Time v1 3781 us  vs. Time v2 204 us
		Acceleration of 18.5343X
Time v1 3815 us  vs. Time v2 203 us
		Acceleration of 18.7931X
Time v1 3791 us  vs. Time v2 206 us
		Acceleration of 18.4029X
Time v1 3789 us  vs. Time v2 207 us
		Acceleration of 18.3043X
Time v1 3793 us  vs. Time v2 204 us
		Acceleration of 18.5931X
Time v1 3790 us  vs. Time v2 206 us
		Acceleration of 18.3981X
Time v1 3791 us  vs. Time v2 208 us
		Acceleration of 18.226X
Time v1 3785 us  vs. Time v2 207 us
		Acceleration of 18.285X
Time v1 3801 us  vs. Time v2 201 us
		Acceleration of 18.9104X
Time v1 3774 us  vs. Time v2 204 us
		Acceleration of 18.5X
Time v1 3796 us  vs. Time v2 208 us
		Acceleration of 18.25X
Time v1 3846 us  vs. Time v2 199 us
		Acceleration of 19.3266X
Time v1 3788 us  vs. Time v2 203 us
		Acceleration of 18.6601X
Time v1 3838 us  vs. Time v2 202 us
		Acceleration of 19X
Time v1 3842 us  vs. Time v2 200 us
		Acceleration of 19.21X
Time v1 3803 us  vs. Time v2 202 us
		Acceleration of 18.8267X
Time v1 3812 us  vs. Time v2 201 us
		Acceleration of 18.9652X
Time v1 3788 us  vs. Time v2 203 us
		Acceleration of 18.6601X
Time v1 3799 us  vs. Time v2 203 us
		Acceleration of 18.7143X
Time v1 3796 us  vs. Time v2 203 us
		Acceleration of 18.6995X
Time v1 5016 us  vs. Time v2 218 us
		Acceleration of 23.0092X
Time v1 3848 us  vs. Time v2 203 us
		Acceleration of 18.9557X
Time v1 3819 us  vs. Time v2 204 us
		Acceleration of 18.7206X
Time v1 3836 us  vs. Time v2 202 us
		Acceleration of 18.9901X
Time v1 3793 us  vs. Time v2 202 us
		Acceleration of 18.7772X
Time v1 3803 us  vs. Time v2 203 us
		Acceleration of 18.734X
Time v1 3838 us  vs. Time v2 204 us
		Acceleration of 18.8137X
Time v1 3789 us  vs. Time v2 201 us
		Acceleration of 18.8507X
Time v1 3795 us  vs. Time v2 203 us
		Acceleration of 18.6946X
Time v1 3803 us  vs. Time v2 202 us
		Acceleration of 18.8267X
Time v1 3790 us  vs. Time v2 201 us
		Acceleration of 18.8557X
Time v1 3798 us  vs. Time v2 203 us
		Acceleration of 18.7094X
Time v1 3828 us  vs. Time v2 204 us
		Acceleration of 18.7647X
Time v1 3793 us  vs. Time v2 203 us
		Acceleration of 18.6847X
Time v1 3813 us  vs. Time v2 204 us
		Acceleration of 18.6912X
Time v1 3806 us  vs. Time v2 204 us
		Acceleration of 18.6569X
Time v1 4476 us  vs. Time v2 232 us
		Acceleration of 19.2931X
current simulated time: 0.1 minutes 
interval wall time: 0 days, 0 hours, 0 minutes, and 25.0681 seconds 
total wall time: 0 days, 0 hours, 0 minutes, and 25.0682 seconds 
time: 0.1
